2023-02-27 14:52:06.348-0400 [main]  INFO 92775 --- [a.software.demo.DemoApplicationKt       ] : Starting DemoApplicationKt using Java 11.0.17 on aper117-Lenovo-Y40-70 with PID 92775 (/home/aper117/Downloads/9no/Proyectos/Arquitectura/currency-converter-main/target/classes started by aper117 in /home/aper117/Downloads/9no/Proyectos/Arquitectura/currency-converter-main)
2023-02-27 14:52:06.356-0400 [main]  INFO 92775 --- [a.software.demo.DemoApplicationKt       ] : No active profile set, falling back to 1 default profile: "default"
2023-02-27 14:52:09.070-0400 [main]  INFO 92775 --- [.s.d.r.c.RepositoryConfigurationDelegate] : Bootstrapping Spring Data JPA repositories in DEFAULT mode.
2023-02-27 14:52:09.132-0400 [main]  INFO 92775 --- [.s.d.r.c.RepositoryConfigurationDelegate] : Finished Spring Data repository scanning in 25 ms. Found 0 JPA repository interfaces.
2023-02-27 14:52:11.226-0400 [main]  INFO 92775 --- [o.s.b.w.embedded.tomcat.TomcatWebServer ] : Tomcat initialized with port(s): 8008 (http)
2023-02-27 14:52:11.257-0400 [main]  INFO 92775 --- [o.apache.catalina.core.StandardService  ] : Starting service [Tomcat]
2023-02-27 14:52:11.259-0400 [main]  INFO 92775 --- [org.apache.catalina.core.StandardEngine ] : Starting Servlet engine: [Apache Tomcat/9.0.71]
2023-02-27 14:52:11.593-0400 [main]  INFO 92775 --- [o.a.c.c.C.[Tomcat].[localhost].[/]      ] : Initializing Spring embedded WebApplicationContext
2023-02-27 14:52:11.596-0400 [main]  INFO 92775 --- [w.s.c.ServletWebServerApplicationContext] : Root WebApplicationContext: initialization completed in 4973 ms
2023-02-27 14:52:12.565-0400 [main]  INFO 92775 --- [o.hibernate.jpa.internal.util.LogHelper ] : HHH000204: Processing PersistenceUnitInfo [name: default]
2023-02-27 14:52:12.680-0400 [main]  INFO 92775 --- [org.hibernate.Version                   ] : HHH000412: Hibernate ORM core version 5.6.14.Final
2023-02-27 14:52:13.171-0400 [main]  INFO 92775 --- [o.hibernate.annotations.common.Version  ] : HCANN000001: Hibernate Commons Annotations {5.1.2.Final}
2023-02-27 14:52:13.642-0400 [main]  WARN 92775 --- [o.h.e.j.e.i.JdbcEnvironmentInitiator    ] : HHH000342: Could not obtain connection to query metadata

org.postgresql.util.PSQLException: Connection to localhost:5432 refused. Check that the hostname and port are correct and that the postmaster is accepting TCP/IP connections.
	at org.postgresql.core.v3.ConnectionFactoryImpl.openConnectionImpl(ConnectionFactoryImpl.java:319)
	at org.postgresql.core.ConnectionFactory.openConnection(ConnectionFactory.java:49)
	at org.postgresql.jdbc.PgConnection.<init>(PgConnection.java:223)
	at org.postgresql.Driver.makeConnection(Driver.java:402)
	at org.postgresql.Driver.connect(Driver.java:261)
	at java.sql/java.sql.DriverManager.getConnection(DriverManager.java:677)
	at java.sql/java.sql.DriverManager.getConnection(DriverManager.java:228)
	at org.postgresql.ds.common.BaseDataSource.getConnection(BaseDataSource.java:103)
	at org.postgresql.ds.common.BaseDataSource.getConnection(BaseDataSource.java:87)
	at org.hibernate.engine.jdbc.connections.internal.DatasourceConnectionProviderImpl.getConnection(DatasourceConnectionProviderImpl.java:122)
	at org.hibernate.engine.jdbc.env.internal.JdbcEnvironmentInitiator$ConnectionProviderJdbcConnectionAccess.obtainConnection(JdbcEnvironmentInitiator.java:181)
	at org.hibernate.engine.jdbc.env.internal.JdbcEnvironmentInitiator.initiateService(JdbcEnvironmentInitiator.java:68)
	at org.hibernate.engine.jdbc.env.internal.JdbcEnvironmentInitiator.initiateService(JdbcEnvironmentInitiator.java:35)
	at org.hibernate.boot.registry.internal.StandardServiceRegistryImpl.initiateService(StandardServiceRegistryImpl.java:101)
	at org.hibernate.service.internal.AbstractServiceRegistryImpl.createService(AbstractServiceRegistryImpl.java:263)
	at org.hibernate.service.internal.AbstractServiceRegistryImpl.initializeService(AbstractServiceRegistryImpl.java:237)
	at org.hibernate.service.internal.AbstractServiceRegistryImpl.getService(AbstractServiceRegistryImpl.java:214)
	at org.hibernate.id.factory.internal.DefaultIdentifierGeneratorFactory.injectServices(DefaultIdentifierGeneratorFactory.java:175)
	at org.hibernate.service.internal.AbstractServiceRegistryImpl.injectDependencies(AbstractServiceRegistryImpl.java:286)
	at org.hibernate.service.internal.AbstractServiceRegistryImpl.initializeService(AbstractServiceRegistryImpl.java:243)
	at org.hibernate.service.internal.AbstractServiceRegistryImpl.getService(AbstractServiceRegistryImpl.java:214)
	at org.hibernate.boot.internal.InFlightMetadataCollectorImpl.<init>(InFlightMetadataCollectorImpl.java:173)
	at org.hibernate.boot.model.process.spi.MetadataBuildingProcess.complete(MetadataBuildingProcess.java:127)
	at org.hibernate.jpa.boot.internal.EntityManagerFactoryBuilderImpl.metadata(EntityManagerFactoryBuilderImpl.java:1460)
	at org.hibernate.jpa.boot.internal.EntityManagerFactoryBuilderImpl.build(EntityManagerFactoryBuilderImpl.java:1494)
	at org.springframework.orm.jpa.vendor.SpringHibernateJpaPersistenceProvider.createContainerEntityManagerFactory(SpringHibernateJpaPersistenceProvider.java:58)
	at org.springframework.orm.jpa.LocalContainerEntityManagerFactoryBean.createNativeEntityManagerFactory(LocalContainerEntityManagerFactoryBean.java:365)
	at org.springframework.orm.jpa.AbstractEntityManagerFactoryBean.buildNativeEntityManagerFactory(AbstractEntityManagerFactoryBean.java:409)
	at org.springframework.orm.jpa.AbstractEntityManagerFactoryBean.afterPropertiesSet(AbstractEntityManagerFactoryBean.java:396)
	at org.springframework.orm.jpa.LocalContainerEntityManagerFactoryBean.afterPropertiesSet(LocalContainerEntityManagerFactoryBean.java:341)
	at org.springframework.beans.factory.support.AbstractAutowireCapableBeanFactory.invokeInitMethods(AbstractAutowireCapableBeanFactory.java:1863)
	at org.springframework.beans.factory.support.AbstractAutowireCapableBeanFactory.initializeBean(AbstractAutowireCapableBeanFactory.java:1800)
	at org.springframework.beans.factory.support.AbstractAutowireCapableBeanFactory.doCreateBean(AbstractAutowireCapableBeanFactory.java:620)
	at org.springframework.beans.factory.support.AbstractAutowireCapableBeanFactory.createBean(AbstractAutowireCapableBeanFactory.java:542)
	at org.springframework.beans.factory.support.AbstractBeanFactory.lambda$doGetBean$0(AbstractBeanFactory.java:335)
	at org.springframework.beans.factory.support.DefaultSingletonBeanRegistry.getSingleton(DefaultSingletonBeanRegistry.java:234)
	at org.springframework.beans.factory.support.AbstractBeanFactory.doGetBean(AbstractBeanFactory.java:333)
	at org.springframework.beans.factory.support.AbstractBeanFactory.getBean(AbstractBeanFactory.java:208)
	at org.springframework.context.support.AbstractApplicationContext.getBean(AbstractApplicationContext.java:1154)
	at org.springframework.context.support.AbstractApplicationContext.finishBeanFactoryInitialization(AbstractApplicationContext.java:908)
	at org.springframework.context.support.AbstractApplicationContext.refresh(AbstractApplicationContext.java:583)
	at org.springframework.boot.web.servlet.context.ServletWebServerApplicationContext.refresh(ServletWebServerApplicationContext.java:147)
	at org.springframework.boot.SpringApplication.refresh(SpringApplication.java:731)
	at org.springframework.boot.SpringApplication.refreshContext(SpringApplication.java:408)
	at org.springframework.boot.SpringApplication.run(SpringApplication.java:307)
	at org.springframework.boot.SpringApplication.run(SpringApplication.java:1303)
	at org.springframework.boot.SpringApplication.run(SpringApplication.java:1292)
	at arquitectura.software.demo.DemoApplicationKt.main(DemoApplication.kt:13)
Caused by: java.net.ConnectException: Connection refused (Connection refused)
	at java.base/java.net.PlainSocketImpl.socketConnect(Native Method)
	at java.base/java.net.AbstractPlainSocketImpl.doConnect(AbstractPlainSocketImpl.java:412)
	at java.base/java.net.AbstractPlainSocketImpl.connectToAddress(AbstractPlainSocketImpl.java:255)
	at java.base/java.net.AbstractPlainSocketImpl.connect(AbstractPlainSocketImpl.java:237)
	at java.base/java.net.SocksSocketImpl.connect(SocksSocketImpl.java:392)
	at java.base/java.net.Socket.connect(Socket.java:609)
	at org.postgresql.core.PGStream.createSocket(PGStream.java:241)
	at org.postgresql.core.PGStream.<init>(PGStream.java:98)
	at org.postgresql.core.v3.ConnectionFactoryImpl.tryConnect(ConnectionFactoryImpl.java:109)
	at org.postgresql.core.v3.ConnectionFactoryImpl.openConnectionImpl(ConnectionFactoryImpl.java:235)
	... 47 common frames omitted

2023-02-27 14:52:13.647-0400 [main] ERROR 92775 --- [j.LocalContainerEntityManagerFactoryBean] : Failed to initialize JPA EntityManagerFactory: Unable to create requested service [org.hibernate.engine.jdbc.env.spi.JdbcEnvironment]
2023-02-27 14:52:13.652-0400 [main]  WARN 92775 --- [ConfigServletWebServerApplicationContext] : Exception encountered during context initialization - cancelling refresh attempt: org.springframework.beans.factory.BeanCreationException: Error creating bean with name 'entityManagerFactory' defined in class path resource [org/springframework/boot/autoconfigure/orm/jpa/HibernateJpaConfiguration.class]: Invocation of init method failed; nested exception is org.hibernate.service.spi.ServiceException: Unable to create requested service [org.hibernate.engine.jdbc.env.spi.JdbcEnvironment]
2023-02-27 14:52:13.663-0400 [main]  INFO 92775 --- [o.apache.catalina.core.StandardService  ] : Stopping service [Tomcat]
2023-02-27 14:52:13.710-0400 [main]  INFO 92775 --- [ConditionEvaluationReportLoggingListener] : 

Error starting ApplicationContext. To display the conditions report re-run your application with 'debug' enabled.
2023-02-27 14:52:13.799-0400 [main] ERROR 92775 --- [o.s.boot.SpringApplication              ] : Application run failed

org.springframework.beans.factory.BeanCreationException: Error creating bean with name 'entityManagerFactory' defined in class path resource [org/springframework/boot/autoconfigure/orm/jpa/HibernateJpaConfiguration.class]: Invocation of init method failed; nested exception is org.hibernate.service.spi.ServiceException: Unable to create requested service [org.hibernate.engine.jdbc.env.spi.JdbcEnvironment]
	at org.springframework.beans.factory.support.AbstractAutowireCapableBeanFactory.initializeBean(AbstractAutowireCapableBeanFactory.java:1804)
	at org.springframework.beans.factory.support.AbstractAutowireCapableBeanFactory.doCreateBean(AbstractAutowireCapableBeanFactory.java:620)
	at org.springframework.beans.factory.support.AbstractAutowireCapableBeanFactory.createBean(AbstractAutowireCapableBeanFactory.java:542)
	at org.springframework.beans.factory.support.AbstractBeanFactory.lambda$doGetBean$0(AbstractBeanFactory.java:335)
	at org.springframework.beans.factory.support.DefaultSingletonBeanRegistry.getSingleton(DefaultSingletonBeanRegistry.java:234)
	at org.springframework.beans.factory.support.AbstractBeanFactory.doGetBean(AbstractBeanFactory.java:333)
	at org.springframework.beans.factory.support.AbstractBeanFactory.getBean(AbstractBeanFactory.java:208)
	at org.springframework.context.support.AbstractApplicationContext.getBean(AbstractApplicationContext.java:1154)
	at org.springframework.context.support.AbstractApplicationContext.finishBeanFactoryInitialization(AbstractApplicationContext.java:908)
	at org.springframework.context.support.AbstractApplicationContext.refresh(AbstractApplicationContext.java:583)
	at org.springframework.boot.web.servlet.context.ServletWebServerApplicationContext.refresh(ServletWebServerApplicationContext.java:147)
	at org.springframework.boot.SpringApplication.refresh(SpringApplication.java:731)
	at org.springframework.boot.SpringApplication.refreshContext(SpringApplication.java:408)
	at org.springframework.boot.SpringApplication.run(SpringApplication.java:307)
	at org.springframework.boot.SpringApplication.run(SpringApplication.java:1303)
	at org.springframework.boot.SpringApplication.run(SpringApplication.java:1292)
	at arquitectura.software.demo.DemoApplicationKt.main(DemoApplication.kt:13)
Caused by: org.hibernate.service.spi.ServiceException: Unable to create requested service [org.hibernate.engine.jdbc.env.spi.JdbcEnvironment]
	at org.hibernate.service.internal.AbstractServiceRegistryImpl.createService(AbstractServiceRegistryImpl.java:275)
	at org.hibernate.service.internal.AbstractServiceRegistryImpl.initializeService(AbstractServiceRegistryImpl.java:237)
	at org.hibernate.service.internal.AbstractServiceRegistryImpl.getService(AbstractServiceRegistryImpl.java:214)
	at org.hibernate.id.factory.internal.DefaultIdentifierGeneratorFactory.injectServices(DefaultIdentifierGeneratorFactory.java:175)
	at org.hibernate.service.internal.AbstractServiceRegistryImpl.injectDependencies(AbstractServiceRegistryImpl.java:286)
	at org.hibernate.service.internal.AbstractServiceRegistryImpl.initializeService(AbstractServiceRegistryImpl.java:243)
	at org.hibernate.service.internal.AbstractServiceRegistryImpl.getService(AbstractServiceRegistryImpl.java:214)
	at org.hibernate.boot.internal.InFlightMetadataCollectorImpl.<init>(InFlightMetadataCollectorImpl.java:173)
	at org.hibernate.boot.model.process.spi.MetadataBuildingProcess.complete(MetadataBuildingProcess.java:127)
	at org.hibernate.jpa.boot.internal.EntityManagerFactoryBuilderImpl.metadata(EntityManagerFactoryBuilderImpl.java:1460)
	at org.hibernate.jpa.boot.internal.EntityManagerFactoryBuilderImpl.build(EntityManagerFactoryBuilderImpl.java:1494)
	at org.springframework.orm.jpa.vendor.SpringHibernateJpaPersistenceProvider.createContainerEntityManagerFactory(SpringHibernateJpaPersistenceProvider.java:58)
	at org.springframework.orm.jpa.LocalContainerEntityManagerFactoryBean.createNativeEntityManagerFactory(LocalContainerEntityManagerFactoryBean.java:365)
	at org.springframework.orm.jpa.AbstractEntityManagerFactoryBean.buildNativeEntityManagerFactory(AbstractEntityManagerFactoryBean.java:409)
	at org.springframework.orm.jpa.AbstractEntityManagerFactoryBean.afterPropertiesSet(AbstractEntityManagerFactoryBean.java:396)
	at org.springframework.orm.jpa.LocalContainerEntityManagerFactoryBean.afterPropertiesSet(LocalContainerEntityManagerFactoryBean.java:341)
	at org.springframework.beans.factory.support.AbstractAutowireCapableBeanFactory.invokeInitMethods(AbstractAutowireCapableBeanFactory.java:1863)
	at org.springframework.beans.factory.support.AbstractAutowireCapableBeanFactory.initializeBean(AbstractAutowireCapableBeanFactory.java:1800)
	... 16 common frames omitted
Caused by: org.hibernate.HibernateException: Access to DialectResolutionInfo cannot be null when 'hibernate.dialect' not set
	at org.hibernate.engine.jdbc.dialect.internal.DialectFactoryImpl.determineDialect(DialectFactoryImpl.java:100)
	at org.hibernate.engine.jdbc.dialect.internal.DialectFactoryImpl.buildDialect(DialectFactoryImpl.java:54)
	at org.hibernate.engine.jdbc.env.internal.JdbcEnvironmentInitiator.initiateService(JdbcEnvironmentInitiator.java:138)
	at org.hibernate.engine.jdbc.env.internal.JdbcEnvironmentInitiator.initiateService(JdbcEnvironmentInitiator.java:35)
	at org.hibernate.boot.registry.internal.StandardServiceRegistryImpl.initiateService(StandardServiceRegistryImpl.java:101)
	at org.hibernate.service.internal.AbstractServiceRegistryImpl.createService(AbstractServiceRegistryImpl.java:263)
	... 33 common frames omitted

2023-02-27 17:43:46.886-0400 [main]  INFO 225267 --- [a.software.demo.DemoApplicationKt       ] : Starting DemoApplicationKt using Java 11.0.17 on aper117-Lenovo-Y40-70 with PID 225267 (/home/aper117/Downloads/9no/Proyectos/Arquitectura/currency-converter-main/target/classes started by aper117 in /home/aper117/Downloads/9no/Proyectos/Arquitectura/currency-converter-main)
2023-02-27 17:43:46.896-0400 [main]  INFO 225267 --- [a.software.demo.DemoApplicationKt       ] : No active profile set, falling back to 1 default profile: "default"
2023-02-27 17:43:49.420-0400 [main]  INFO 225267 --- [.s.d.r.c.RepositoryConfigurationDelegate] : Bootstrapping Spring Data JPA repositories in DEFAULT mode.
2023-02-27 17:43:49.490-0400 [main]  INFO 225267 --- [.s.d.r.c.RepositoryConfigurationDelegate] : Finished Spring Data repository scanning in 31 ms. Found 0 JPA repository interfaces.
2023-02-27 17:43:51.102-0400 [main]  INFO 225267 --- [o.s.b.w.embedded.tomcat.TomcatWebServer ] : Tomcat initialized with port(s): 8008 (http)
2023-02-27 17:43:51.125-0400 [main]  INFO 225267 --- [o.apache.catalina.core.StandardService  ] : Starting service [Tomcat]
2023-02-27 17:43:51.126-0400 [main]  INFO 225267 --- [org.apache.catalina.core.StandardEngine ] : Starting Servlet engine: [Apache Tomcat/9.0.71]
2023-02-27 17:43:51.357-0400 [main]  INFO 225267 --- [o.a.c.c.C.[Tomcat].[localhost].[/]      ] : Initializing Spring embedded WebApplicationContext
2023-02-27 17:43:51.358-0400 [main]  INFO 225267 --- [w.s.c.ServletWebServerApplicationContext] : Root WebApplicationContext: initialization completed in 4240 ms
2023-02-27 17:43:52.029-0400 [main]  INFO 225267 --- [o.hibernate.jpa.internal.util.LogHelper ] : HHH000204: Processing PersistenceUnitInfo [name: default]
2023-02-27 17:43:52.214-0400 [main]  INFO 225267 --- [org.hibernate.Version                   ] : HHH000412: Hibernate ORM core version 5.6.14.Final
2023-02-27 17:43:52.657-0400 [main]  INFO 225267 --- [o.hibernate.annotations.common.Version  ] : HCANN000001: Hibernate Commons Annotations {5.1.2.Final}
2023-02-27 17:43:53.367-0400 [main]  INFO 225267 --- [org.hibernate.dialect.Dialect           ] : HHH000400: Using dialect: org.hibernate.dialect.PostgreSQL10Dialect
2023-02-27 17:43:54.449-0400 [main]  INFO 225267 --- [o.h.e.t.j.p.i.JtaPlatformInitiator      ] : HHH000490: Using JtaPlatform implementation: [org.hibernate.engine.transaction.jta.platform.internal.NoJtaPlatform]
2023-02-27 17:43:54.478-0400 [main]  INFO 225267 --- [j.LocalContainerEntityManagerFactoryBean] : Initialized JPA EntityManagerFactory for persistence unit 'default'
2023-02-27 17:43:54.912-0400 [main]  WARN 225267 --- [JpaBaseConfiguration$JpaWebConfiguration] : spring.jpa.open-in-view is enabled by default. Therefore, database queries may be performed during view rendering. Explicitly configure spring.jpa.open-in-view to disable this warning
2023-02-27 17:43:57.647-0400 [main]  INFO 225267 --- [o.s.b.w.embedded.tomcat.TomcatWebServer ] : Tomcat started on port(s): 8008 (http) with context path ''
2023-02-27 17:43:57.699-0400 [main]  INFO 225267 --- [a.software.demo.DemoApplicationKt       ] : Started DemoApplicationKt in 12.565 seconds (JVM running for 13.77)
2023-02-27 17:44:30.515-0400 [http-nio-8008-exec-1]  INFO 225267 --- [o.a.c.c.C.[Tomcat].[localhost].[/]      ] : Initializing Spring DispatcherServlet 'dispatcherServlet'
2023-02-27 17:44:30.517-0400 [http-nio-8008-exec-1]  INFO 225267 --- [o.s.web.servlet.DispatcherServlet       ] : Initializing Servlet 'dispatcherServlet'
2023-02-27 17:44:30.522-0400 [http-nio-8008-exec-1]  INFO 225267 --- [o.s.web.servlet.DispatcherServlet       ] : Completed initialization in 4 ms
2023-02-27 17:49:34.475-0400 [SpringApplicationShutdownHook]  INFO 225267 --- [j.LocalContainerEntityManagerFactoryBean] : Closing JPA EntityManagerFactory for persistence unit 'default'
